Unity Editor version:    2022.3.52f1 (1120fcb54228)
Branch:                  2022.3/staging
Build type:              Release
Batch mode:              YES
macOS version:           Version 15.1.1 (Build 24B91)
Darwin version:          24.1.0
Architecture:            x86_64
Running under Rosetta:   NO
Available memory:        16384 MB
Using pre-set license
Pro License: YES

COMMAND LINE ARGUMENTS:
/Applications/Unity/Hub/Editor/2022.3.52f1/Unity.app/Contents/MacOS/Unity
-adb2
-batchMode
-noUpm
-name
AssetImportWorker7
-projectPath
/Users/adrianfadieiev/HomeWork/unity/dz_menu
-logFile
Logs/AssetImportWorker7.log
-srvPort
52427
Successfully changed project path to: /Users/adrianfadieiev/HomeWork/unity/dz_menu
/Users/adrianfadieiev/HomeWork/unity/dz_menu
[UnityMemory] Configuration Parameters - Can be set up in boot.config
    "memorysetup-bucket-allocator-granularity=16"
    "memorysetup-bucket-allocator-bucket-count=8"
    "memorysetup-bucket-allocator-block-size=33554432"
    "memorysetup-bucket-allocator-block-count=8"
    "memorysetup-main-allocator-block-size=16777216"
    "memorysetup-thread-allocator-block-size=16777216"
    "memorysetup-gfx-main-allocator-block-size=16777216"
    "memorysetup-gfx-thread-allocator-block-size=16777216"
    "memorysetup-cache-allocator-block-size=4194304"
    "memorysetup-typetree-allocator-block-size=2097152"
    "memorysetup-profiler-bucket-allocator-granularity=16"
    "memorysetup-profiler-bucket-allocator-bucket-count=8"
    "memorysetup-profiler-bucket-allocator-block-size=33554432"
    "memorysetup-profiler-bucket-allocator-block-count=8"
    "memorysetup-profiler-allocator-block-size=16777216"
    "memorysetup-profiler-editor-allocator-block-size=1048576"
    "memorysetup-temp-allocator-size-main=16777216"
    "memorysetup-job-temp-allocator-block-size=2097152"
    "memorysetup-job-temp-allocator-block-size-background=1048576"
    "memorysetup-job-temp-allocator-reduction-small-platforms=262144"
    "memorysetup-allocator-temp-initial-block-size-main=262144"
    "memorysetup-allocator-temp-initial-block-size-worker=262144"
    "memorysetup-temp-allocator-size-background-worker=32768"
    "memorysetup-temp-allocator-size-job-worker=262144"
    "memorysetup-temp-allocator-size-preload-manager=33554432"
    "memorysetup-temp-allocator-size-nav-mesh-worker=65536"
    "memorysetup-temp-allocator-size-audio-worker=65536"
    "memorysetup-temp-allocator-size-cloud-worker=32768"
    "memorysetup-temp-allocator-size-gi-baking-worker=262144"
    "memorysetup-temp-allocator-size-gfx=262144"
Player connection [140704511785792]  Target information:

Player connection [140704511785792]  * "[IP] 192.168.68.108 [Port] 0 [Flags] 2 [Guid] 3053110914 [EditorId] 3053110914 [Version] 1048832 [Id] OSXEditor(0,MacBook-Pro-Adrian.local) [Debug] 1 [PackageName] OSXEditor [ProjectName] Editor" 

Player connection [140704511785792] Host joined multi-casting on [225.0.0.222:54997]...
Player connection [140704511785792] Host joined alternative multi-casting on [225.0.0.222:34997]...
[PhysX] Initialized MultithreadedTaskDispatcher with 12 workers.
Refreshing native plugins compatible for Editor in 5.25 ms, found 2 plugins.
Preloading 0 native plugins for Editor in 0.00 ms.
Initialize engine version: 2022.3.52f1 (1120fcb54228)
[Subsystems] Discovering subsystems at path /Applications/Unity/Hub/Editor/2022.3.52f1/Unity.app/Contents/Resources/UnitySubsystems
[Subsystems] Discovering subsystems at path /Users/adrianfadieiev/HomeWork/unity/dz_menu/Assets
GfxDevice: creating device client; threaded=0; jobified=0
Color LCD preferred device: AMD Radeon Pro 5300M (high power)
Metal devices available: 2
0: AMD Radeon Pro 5300M (high power)
1: Intel(R) UHD Graphics 630 (low power)
Using device AMD Radeon Pro 5300M (high power)
Initializing Metal device caps: AMD Radeon Pro 5300M
Initialize mono
Mono path[0] = '/Applications/Unity/Hub/Editor/2022.3.52f1/Unity.app/Contents/Managed'
Mono path[1] = '/Applications/Unity/Hub/Editor/2022.3.52f1/Unity.app/Contents/MonoBleedingEdge/lib/mono/unityjit-macos'
Mono config path = '/Applications/Unity/Hub/Editor/2022.3.52f1/Unity.app/Contents/MonoBleedingEdge/etc'
Using monoOptions --debugger-agent=transport=dt_socket,embedding=1,server=y,suspend=n,address=127.0.0.1:56275
Begin MonoManager ReloadAssembly
Registering precompiled unity dll's ...
Register platform support module: /Applications/Unity/Hub/Editor/2022.3.52f1/Unity.app/Contents/PlaybackEngines/MacStandaloneSupport/UnityEditor.OSXStandalone.Extensions.dll
Registered in 0.004737 seconds.
- Loaded All Assemblies, in  0.512 seconds
Native extension for OSXStandalone target not found
Mono: successfully reloaded assembly
- Finished resetting the current domain, in  0.404 seconds
Domain Reload Profiling: 917ms
	BeginReloadAssembly (178ms)
		ExecutionOrderSort (0ms)
		DisableScriptedObjects (0ms)
		BackupInstance (0ms)
		ReleaseScriptingObjects (0ms)
		CreateAndSetChildDomain (1ms)
	RebuildCommonClasses (51ms)
	RebuildNativeTypeToScriptingClass (13ms)
	initialDomainReloadingComplete (60ms)
	LoadAllAssembliesAndSetupDomain (211ms)
		LoadAssemblies (178ms)
		RebuildTransferFunctionScriptingTraits (0ms)
		AnalyzeDomain (208ms)
			TypeCache.Refresh (205ms)
				TypeCache.ScanAssembly (186ms)
			ScanForSourceGeneratedMonoScriptInfo (0ms)
			ResolveRequiredComponents (1ms)
	FinalizeReload (404ms)
		ReleaseScriptCaches (0ms)
		RebuildScriptCaches (0ms)
		SetupLoadedEditorAssemblies (339ms)
			LogAssemblyErrors (0ms)
			InitializePlatformSupportModulesInManaged (13ms)
			SetLoadedEditorAssemblies (10ms)
			RefreshPlugins (0ms)
			BeforeProcessingInitializeOnLoad (3ms)
			ProcessInitializeOnLoadAttributes (261ms)
			ProcessInitializeOnLoadMethodAttributes (52ms)
			AfterProcessingInitializeOnLoad (0ms)
			EditorAssembliesLoaded (0ms)
		ExecutionOrderSort2 (0ms)
		AwakeInstancesAfterBackupRestoration (0ms)
========================================================================
Worker process is ready to serve import requests
Caller must complete domain reload
Begin MonoManager ReloadAssembly
- Loaded All Assemblies, in  0.823 seconds
Native extension for OSXStandalone target not found
Package Manager log level set to [2]
[Package Manager] Server::EnsureServerProcessIsRunning -- launch failed, reason: Unity was launched with the -noUpm command-line argument
[Package Manager] UpmClient::Send -- Unable to send message (not connected to UPM process).
[Package Manager] Cannot connect to Unity Package Manager local server
Mono: successfully reloaded assembly
- Finished resetting the current domain, in  0.732 seconds
Domain Reload Profiling: 1552ms
	BeginReloadAssembly (152ms)
		ExecutionOrderSort (0ms)
		DisableScriptedObjects (6ms)
		BackupInstance (0ms)
		ReleaseScriptingObjects (0ms)
		CreateAndSetChildDomain (29ms)
	RebuildCommonClasses (43ms)
	RebuildNativeTypeToScriptingClass (13ms)
	initialDomainReloadingComplete (43ms)
	LoadAllAssembliesAndSetupDomain (568ms)
		LoadAssemblies (391ms)
		RebuildTransferFunctionScriptingTraits (0ms)
		AnalyzeDomain (255ms)
			TypeCache.Refresh (225ms)
				TypeCache.ScanAssembly (206ms)
			ScanForSourceGeneratedMonoScriptInfo (18ms)
			ResolveRequiredComponents (8ms)
	FinalizeReload (733ms)
		ReleaseScriptCaches (0ms)
		RebuildScriptCaches (0ms)
		SetupLoadedEditorAssemblies (552ms)
			LogAssemblyErrors (0ms)
			InitializePlatformSupportModulesInManaged (5ms)
			SetLoadedEditorAssemblies (4ms)
			RefreshPlugins (0ms)
			BeforeProcessingInitializeOnLoad (54ms)
			ProcessInitializeOnLoadAttributes (462ms)
			ProcessInitializeOnLoadMethodAttributes (25ms)
			AfterProcessingInitializeOnLoad (1ms)
			EditorAssembliesLoaded (0ms)
		ExecutionOrderSort2 (0ms)
		AwakeInstancesAfterBackupRestoration (5ms)
Launching external process: /Applications/Unity/Hub/Editor/2022.3.52f1/Unity.app/Contents/Tools/UnityShaderCompiler
Launched and connected shader compiler UnityShaderCompiler after 0.08 seconds
Refreshing native plugins compatible for Editor in 1.35 ms, found 2 plugins.
Preloading 0 native plugins for Editor in 0.00 ms.
Unloading 3147 Unused Serialized files (Serialized files now loaded: 0)
Unloading 19 unused Assets / (49.9 KB). Loaded Objects now: 3631.
Memory consumption went from 139.6 MB to 139.6 MB.
Total: 4.042766 ms (FindLiveObjects: 0.236734 ms CreateObjectMapping: 0.190582 ms MarkObjects: 3.408605 ms  DeleteObjects: 0.206019 ms)

AssetImportParameters requested are different than current active one (requested -> active):
  custom:container-demuxer-ogg: 62fdf1f143b41e24485cea50d1cbac27 -> 
  custom:video-decoder-ogg-theora: a1e56fd34408186e4bbccfd4996cb3dc -> 
  custom:CustomObjectIndexerAttribute: 9a22284fe3817be447336de3de66b15e -> 
  custom:container-demuxer-webm: 4f35f7cbe854078d1ac9338744f61a02 -> 
  custom:container-muxer-webm: aa71ff27fc2769a1b78a27578f13a17b -> 
  custom:video-decoder-webm-vp8: 9c59270c3fd7afecdb556c50c9e8de78 -> 
  custom:SearchIndexIgnoredProperties: e643bd26f0fe6173181afceb89e7c659 -> 
  custom:AudioImporter_EditorPlatform: 3918e3fc78b5a79bad01e8451be0beb8 -> 
  custom:framework-osx-AVFoundation: e770b220cccbd017edd2c1fefb359320 -> 
  custom:video-encoder-webm-vp8: eb34c28f22e8b96e1ab97ce403110664 -> 
  custom:audio-decoder-ogg-vorbis: bf7c407c2cedff20999df2af8eb42d56 -> 
  custom:audio-encoder-webm-vorbis: bf7c407c2cedff20999df2af8eb42d56 -> 
========================================================================
Received Import Request.
  Time since last request: 171386.298804 seconds.
  path: Assets/Minimalist Christmas/Textures/sock_UV_2.png
  artifactKey: Guid(b417d9d36963ec247964254ce508c2cf) Importer(815301076,1909f56bfc062723c751e8b465ee728b)
Start importing Assets/Minimalist Christmas/Textures/sock_UV_2.png using Guid(b417d9d36963ec247964254ce508c2cf) Importer(815301076,1909f56bfc062723c751e8b465ee728b) [PhysX] Initialized MultithreadedTaskDispatcher with 12 workers.
[PhysX] Initialized MultithreadedTaskDispatcher with 12 workers.
 -> (artifact id: '5dcd7ec6f85fee4eac11623671fc32c5') in 0.078050 seconds
Number of updated asset objects reloaded before import = 0
Number of asset objects unloaded after import = 2
========================================================================
Received Import Request.
  Time since last request: 4.797410 seconds.
  path: Assets/TextMesh Pro/Examples & Extras/Textures/Wipe Pattern - Radial Double.psd
  artifactKey: Guid(7631f4eff8f74ed38eb3eb9db17134e1) Importer(815301076,1909f56bfc062723c751e8b465ee728b)
Start importing Assets/TextMesh Pro/Examples & Extras/Textures/Wipe Pattern - Radial Double.psd using Guid(7631f4eff8f74ed38eb3eb9db17134e1) Importer(815301076,1909f56bfc062723c751e8b465ee728b) [PhysX] Initialized MultithreadedTaskDispatcher with 12 workers.
[PhysX] Initialized MultithreadedTaskDispatcher with 12 workers.
 -> (artifact id: '20255738b5e67431f253a733ac912037') in 0.007884 seconds
Number of updated asset objects reloaded before import = 0
Number of asset objects unloaded after import = 2
========================================================================
Received Import Request.
  Time since last request: 111.492889 seconds.
  path: Assets/Free Voxel Christmas Pack/Prefabs/Snowmans/Snowman_Body_1.prefab
  artifactKey: Guid(f230c285117184f49ace2b862999a742) Importer(815301076,1909f56bfc062723c751e8b465ee728b)
Start importing Assets/Free Voxel Christmas Pack/Prefabs/Snowmans/Snowman_Body_1.prefab using Guid(f230c285117184f49ace2b862999a742) Importer(815301076,1909f56bfc062723c751e8b465ee728b) [PhysX] Initialized MultithreadedTaskDispatcher with 12 workers.
[PhysX] Initialized MultithreadedTaskDispatcher with 12 workers.
 -> (artifact id: '92be6b25a2e696dde6708c3d056a1500') in 0.086362 seconds
Number of updated asset objects reloaded before import = 0
Number of asset objects unloaded after import = 12
========================================================================
Received Import Request.
  Time since last request: 0.000055 seconds.
  path: Assets/Free Voxel Christmas Pack/Prefabs/Snowmans/Snowman_Hat_1.prefab
  artifactKey: Guid(91d3c3d5cc16c6d4da0e6d4dc41c9679) Importer(815301076,1909f56bfc062723c751e8b465ee728b)
Start importing Assets/Free Voxel Christmas Pack/Prefabs/Snowmans/Snowman_Hat_1.prefab using Guid(91d3c3d5cc16c6d4da0e6d4dc41c9679) Importer(815301076,1909f56bfc062723c751e8b465ee728b) [PhysX] Initialized MultithreadedTaskDispatcher with 12 workers.
[PhysX] Initialized MultithreadedTaskDispatcher with 12 workers.
 -> (artifact id: 'f9724a4b15f6fc811a2e68d48b614ffb') in 0.007624 seconds
Number of updated asset objects reloaded before import = 0
Number of asset objects unloaded after import = 12
========================================================================
Received Import Request.
  Time since last request: 0.000067 seconds.
  path: Assets/Free Voxel Christmas Pack/Prefabs/Snowmans/Snowman_Hand_3.prefab
  artifactKey: Guid(46eac2874d7559a4b87f72fb1f0d3e8f) Importer(815301076,1909f56bfc062723c751e8b465ee728b)
Start importing Assets/Free Voxel Christmas Pack/Prefabs/Snowmans/Snowman_Hand_3.prefab using Guid(46eac2874d7559a4b87f72fb1f0d3e8f) Importer(815301076,1909f56bfc062723c751e8b465ee728b) [PhysX] Initialized MultithreadedTaskDispatcher with 12 workers.
[PhysX] Initialized MultithreadedTaskDispatcher with 12 workers.
 -> (artifact id: '2ba1a0a74ef238623b263dfddf69cfa0') in 0.014761 seconds
Number of updated asset objects reloaded before import = 0
Number of asset objects unloaded after import = 12
========================================================================
Received Import Request.
  Time since last request: 0.000057 seconds.
  path: Assets/Free Voxel Christmas Pack/Prefabs/Snowmans/Snowman_Hat_2.prefab
  artifactKey: Guid(38c1563daaa3dc545952377c066c7048) Importer(815301076,1909f56bfc062723c751e8b465ee728b)
Start importing Assets/Free Voxel Christmas Pack/Prefabs/Snowmans/Snowman_Hat_2.prefab using Guid(38c1563daaa3dc545952377c066c7048) Importer(815301076,1909f56bfc062723c751e8b465ee728b) [PhysX] Initialized MultithreadedTaskDispatcher with 12 workers.
[PhysX] Initialized MultithreadedTaskDispatcher with 12 workers.
 -> (artifact id: '6776efc1ca62f045ca4763421d01ef73') in 0.009272 seconds
Number of updated asset objects reloaded before import = 0
Number of asset objects unloaded after import = 12
========================================================================
Received Import Request.
  Time since last request: 0.000057 seconds.
  path: Assets/Free Voxel Christmas Pack/Prefabs/Snowmans/Snowman_Body_4.prefab
  artifactKey: Guid(52f841b63e5e82d4f8c9f20bdc9c774f) Importer(815301076,1909f56bfc062723c751e8b465ee728b)
Start importing Assets/Free Voxel Christmas Pack/Prefabs/Snowmans/Snowman_Body_4.prefab using Guid(52f841b63e5e82d4f8c9f20bdc9c774f) Importer(815301076,1909f56bfc062723c751e8b465ee728b) [PhysX] Initialized MultithreadedTaskDispatcher with 12 workers.
[PhysX] Initialized MultithreadedTaskDispatcher with 12 workers.
 -> (artifact id: '8dd311741f7e6bdaba33892c00e8a304') in 0.011041 seconds
Number of updated asset objects reloaded before import = 0
Number of asset objects unloaded after import = 12
========================================================================
Received Import Request.
  Time since last request: 6.958953 seconds.
  path: Assets/Minimalist Christmas/Prefabs/Candy_Cane.prefab
  artifactKey: Guid(017b8446764d3a840b0ca02d15201294) Importer(815301076,1909f56bfc062723c751e8b465ee728b)
Start importing Assets/Minimalist Christmas/Prefabs/Candy_Cane.prefab using Guid(017b8446764d3a840b0ca02d15201294) Importer(815301076,1909f56bfc062723c751e8b465ee728b) [PhysX] Initialized MultithreadedTaskDispatcher with 12 workers.
[PhysX] Initialized MultithreadedTaskDispatcher with 12 workers.
 -> (artifact id: '7ec5f7abb4a2f31455b27c2523780846') in 0.009599 seconds
Number of updated asset objects reloaded before import = 0
Number of asset objects unloaded after import = 9
========================================================================
Received Import Request.
  Time since last request: 0.000056 seconds.
  path: Assets/Minimalist Christmas/Prefabs/Garland_1.prefab
  artifactKey: Guid(f5dbb120f800d924b8a1b2fd8aeca293) Importer(815301076,1909f56bfc062723c751e8b465ee728b)
Start importing Assets/Minimalist Christmas/Prefabs/Garland_1.prefab using Guid(f5dbb120f800d924b8a1b2fd8aeca293) Importer(815301076,1909f56bfc062723c751e8b465ee728b) [PhysX] Initialized MultithreadedTaskDispatcher with 12 workers.
[PhysX] Initialized MultithreadedTaskDispatcher with 12 workers.
 -> (artifact id: '88da592fa9bf08398022a9fe6358bbff') in 0.009399 seconds
Number of updated asset objects reloaded before import = 0
Number of asset objects unloaded after import = 9
========================================================================
Received Import Request.
  Time since last request: 0.000061 seconds.
  path: Assets/Minimalist Christmas/Prefabs/Gift_Box_2.prefab
  artifactKey: Guid(2c69c93d45f9449488dbb88be91cd0a5) Importer(815301076,1909f56bfc062723c751e8b465ee728b)
Start importing Assets/Minimalist Christmas/Prefabs/Gift_Box_2.prefab using Guid(2c69c93d45f9449488dbb88be91cd0a5) Importer(815301076,1909f56bfc062723c751e8b465ee728b) [PhysX] Initialized MultithreadedTaskDispatcher with 12 workers.
[PhysX] Initialized MultithreadedTaskDispatcher with 12 workers.
 -> (artifact id: '8fb4966cf68a56d0bb3b18848e1668a1') in 0.014186 seconds
Number of updated asset objects reloaded before import = 0
Number of asset objects unloaded after import = 9
========================================================================
Received Import Request.
  Time since last request: 0.000099 seconds.
  path: Assets/Minimalist Christmas/Prefabs/Gift_Box_1.prefab
  artifactKey: Guid(24b4c5dc305499e44b4cdfad4149b9b6) Importer(815301076,1909f56bfc062723c751e8b465ee728b)
Start importing Assets/Minimalist Christmas/Prefabs/Gift_Box_1.prefab using Guid(24b4c5dc305499e44b4cdfad4149b9b6) Importer(815301076,1909f56bfc062723c751e8b465ee728b) [PhysX] Initialized MultithreadedTaskDispatcher with 12 workers.
[PhysX] Initialized MultithreadedTaskDispatcher with 12 workers.
 -> (artifact id: '90b6b88b3ea84a6bce00ef8bbfe66bef') in 0.008869 seconds
Number of updated asset objects reloaded before import = 0
Number of asset objects unloaded after import = 9
========================================================================
Received Import Request.
  Time since last request: 0.000061 seconds.
  path: Assets/Minimalist Christmas/Prefabs/Santa_Hat.prefab
  artifactKey: Guid(a2aa58e98e281034995128f2341055c3) Importer(815301076,1909f56bfc062723c751e8b465ee728b)
Start importing Assets/Minimalist Christmas/Prefabs/Santa_Hat.prefab using Guid(a2aa58e98e281034995128f2341055c3) Importer(815301076,1909f56bfc062723c751e8b465ee728b) [PhysX] Initialized MultithreadedTaskDispatcher with 12 workers.
[PhysX] Initialized MultithreadedTaskDispatcher with 12 workers.
 -> (artifact id: '454e74ab8075500be55c8a8fe7a78710') in 0.015470 seconds
Number of updated asset objects reloaded before import = 0
Number of asset objects unloaded after import = 9
========================================================================
Received Import Request.
  Time since last request: 0.000057 seconds.
  path: Assets/Minimalist Christmas/Prefabs/Frame_1.prefab
  artifactKey: Guid(1035731b85efc9544b312dd6dfcee14e) Importer(815301076,1909f56bfc062723c751e8b465ee728b)
Start importing Assets/Minimalist Christmas/Prefabs/Frame_1.prefab using Guid(1035731b85efc9544b312dd6dfcee14e) Importer(815301076,1909f56bfc062723c751e8b465ee728b) [PhysX] Initialized MultithreadedTaskDispatcher with 12 workers.
[PhysX] Initialized MultithreadedTaskDispatcher with 12 workers.
 -> (artifact id: '928fcd91a361a7a1ae5365652f7b73e5') in 0.015952 seconds
Number of updated asset objects reloaded before import = 0
Number of asset objects unloaded after import = 9
========================================================================
Received Import Request.
  Time since last request: 0.000060 seconds.
  path: Assets/Minimalist Christmas/Prefabs/Lights.prefab
  artifactKey: Guid(b31201a66f5cad74eb0b268df378ae18) Importer(815301076,1909f56bfc062723c751e8b465ee728b)
Start importing Assets/Minimalist Christmas/Prefabs/Lights.prefab using Guid(b31201a66f5cad74eb0b268df378ae18) Importer(815301076,1909f56bfc062723c751e8b465ee728b) [PhysX] Initialized MultithreadedTaskDispatcher with 12 workers.
[PhysX] Initialized MultithreadedTaskDispatcher with 12 workers.
 -> (artifact id: 'a7eb4fbd8a7a9fe895794ef6ad57a0c5') in 0.009149 seconds
Number of updated asset objects reloaded before import = 0
Number of asset objects unloaded after import = 15
========================================================================
Received Import Request.
  Time since last request: 0.000058 seconds.
  path: Assets/Minimalist Christmas/Prefabs/Table_2.prefab
  artifactKey: Guid(93d48d271ee16704c8907967ff611334) Importer(815301076,1909f56bfc062723c751e8b465ee728b)
Start importing Assets/Minimalist Christmas/Prefabs/Table_2.prefab using Guid(93d48d271ee16704c8907967ff611334) Importer(815301076,1909f56bfc062723c751e8b465ee728b) [PhysX] Initialized MultithreadedTaskDispatcher with 12 workers.
[PhysX] Initialized MultithreadedTaskDispatcher with 12 workers.
 -> (artifact id: 'da7f82813944236cf084081f1e845491') in 0.011457 seconds
Number of updated asset objects reloaded before import = 0
Number of asset objects unloaded after import = 9
========================================================================
Received Import Request.
  Time since last request: 0.000053 seconds.
  path: Assets/Minimalist Christmas/Prefabs/Frame_2.prefab
  artifactKey: Guid(b1496b309580b9b4d822b1130671281c) Importer(815301076,1909f56bfc062723c751e8b465ee728b)
Start importing Assets/Minimalist Christmas/Prefabs/Frame_2.prefab using Guid(b1496b309580b9b4d822b1130671281c) Importer(815301076,1909f56bfc062723c751e8b465ee728b) [PhysX] Initialized MultithreadedTaskDispatcher with 12 workers.
[PhysX] Initialized MultithreadedTaskDispatcher with 12 workers.
 -> (artifact id: '46528e7c650353dc6be32129d4679c2c') in 0.009959 seconds
Number of updated asset objects reloaded before import = 0
Number of asset objects unloaded after import = 9
========================================================================
Received Import Request.
  Time since last request: 8.991268 seconds.
  path: Assets/TextMesh Pro/Shaders/TMPro_Properties.cginc
  artifactKey: Guid(3997e2241185407d80309a82f9148466) Importer(815301076,1909f56bfc062723c751e8b465ee728b)
Start importing Assets/TextMesh Pro/Shaders/TMPro_Properties.cginc using Guid(3997e2241185407d80309a82f9148466) Importer(815301076,1909f56bfc062723c751e8b465ee728b) [PhysX] Initialized MultithreadedTaskDispatcher with 12 workers.
 -> (artifact id: '3530579b36a83720cf87e6057e84ee04') in 0.001230 seconds
Number of updated asset objects reloaded before import = 0
Number of asset objects unloaded after import = 1
========================================================================
Received Prepare
Caller must complete domain reload
Begin MonoManager ReloadAssembly
- Loaded All Assemblies, in  1.061 seconds
Native extension for OSXStandalone target not found
[Package Manager] Server::EnsureServerProcessIsRunning -- launch failed, reason: Unity was launched with the -noUpm command-line argument
[Package Manager] UpmClient::Send -- Unable to send message (not connected to UPM process).
[Package Manager] Cannot connect to Unity Package Manager local server
Mono: successfully reloaded assembly
- Finished resetting the current domain, in  2.196 seconds
Domain Reload Profiling: 3257ms
	BeginReloadAssembly (316ms)
		ExecutionOrderSort (0ms)
		DisableScriptedObjects (7ms)
		BackupInstance (0ms)
		ReleaseScriptingObjects (0ms)
		CreateAndSetChildDomain (84ms)
	RebuildCommonClasses (57ms)
	RebuildNativeTypeToScriptingClass (17ms)
	initialDomainReloadingComplete (34ms)
	LoadAllAssembliesAndSetupDomain (635ms)
		LoadAssemblies (749ms)
		RebuildTransferFunctionScriptingTraits (0ms)
		AnalyzeDomain (62ms)
			TypeCache.Refresh (27ms)
				TypeCache.ScanAssembly (5ms)
			ScanForSourceGeneratedMonoScriptInfo (18ms)
			ResolveRequiredComponents (12ms)
	FinalizeReload (2197ms)
		ReleaseScriptCaches (0ms)
		RebuildScriptCaches (0ms)
		SetupLoadedEditorAssemblies (866ms)
			LogAssemblyErrors (0ms)
			InitializePlatformSupportModulesInManaged (42ms)
			SetLoadedEditorAssemblies (23ms)
			RefreshPlugins (0ms)
			BeforeProcessingInitializeOnLoad (73ms)
			ProcessInitializeOnLoadAttributes (687ms)
			ProcessInitializeOnLoadMethodAttributes (38ms)
			AfterProcessingInitializeOnLoad (2ms)
			EditorAssembliesLoaded (0ms)
		ExecutionOrderSort2 (0ms)
		AwakeInstancesAfterBackupRestoration (7ms)
Refreshing native plugins compatible for Editor in 1.46 ms, found 2 plugins.
Preloading 0 native plugins for Editor in 0.00 ms.
Unloading 3127 Unused Serialized files (Serialized files now loaded: 0)
Unloading 14 unused Assets / (28.5 KB). Loaded Objects now: 3646.
Memory consumption went from 142.2 MB to 142.2 MB.
Total: 4.513990 ms (FindLiveObjects: 0.347573 ms CreateObjectMapping: 0.257835 ms MarkObjects: 3.861646 ms  DeleteObjects: 0.046018 ms)

Prepare: number of updated asset objects reloaded= 0
AssetImportParameters requested are different than current active one (requested -> active):
  custom:container-demuxer-ogg: 62fdf1f143b41e24485cea50d1cbac27 -> 
  custom:video-decoder-ogg-theora: a1e56fd34408186e4bbccfd4996cb3dc -> 
  custom:CustomObjectIndexerAttribute: 9a22284fe3817be447336de3de66b15e -> 
  custom:container-demuxer-webm: 4f35f7cbe854078d1ac9338744f61a02 -> 
  custom:scripting/monoscript/fileName/AutoSpriteChanger_gp1.cs: 3398767d03a6d0e6af29580ed89c8f9a -> 
  custom:container-muxer-webm: aa71ff27fc2769a1b78a27578f13a17b -> 
  custom:video-decoder-webm-vp8: 9c59270c3fd7afecdb556c50c9e8de78 -> 
  custom:SearchIndexIgnoredProperties: e643bd26f0fe6173181afceb89e7c659 -> 
  custom:AudioImporter_EditorPlatform: 3918e3fc78b5a79bad01e8451be0beb8 -> 
  custom:framework-osx-AVFoundation: e770b220cccbd017edd2c1fefb359320 -> 
  custom:video-encoder-webm-vp8: eb34c28f22e8b96e1ab97ce403110664 -> 
  custom:audio-decoder-ogg-vorbis: bf7c407c2cedff20999df2af8eb42d56 -> 
  custom:audio-encoder-webm-vorbis: bf7c407c2cedff20999df2af8eb42d56 -> 
  custom:scripting/precompiled-assembly-types:Assembly-CSharp: f335a3a795a3cad8a89fab28592cc51f -> 9ec409b6ac407c5fefbff6d763aa67a8
========================================================================
Received Import Request.
  Time since last request: 246.078791 seconds.
  path: Assets/4K Tiled Ground Textures p1/Textures/snow/snow_mountain_2.png
  artifactKey: Guid(c95c5e1aced3a450c96d331f4df7d178) Importer(815301076,1909f56bfc062723c751e8b465ee728b)
Start importing Assets/4K Tiled Ground Textures p1/Textures/snow/snow_mountain_2.png using Guid(c95c5e1aced3a450c96d331f4df7d178) Importer(815301076,1909f56bfc062723c751e8b465ee728b) [PhysX] Initialized MultithreadedTaskDispatcher with 12 workers.
[PhysX] Initialized MultithreadedTaskDispatcher with 12 workers.
 -> (artifact id: '9f938dc09f8222aafeeb7bcd1c450ed4') in 0.244459 seconds
Number of updated asset objects reloaded before import = 0
Number of asset objects unloaded after import = 3
========================================================================
Received Import Request.
  Time since last request: 0.000062 seconds.
  path: Assets/4K Tiled Ground Textures p1/Textures/snow/snow_solid_1.png
  artifactKey: Guid(b8096dae4ce5440a7928dd8d34378776) Importer(815301076,1909f56bfc062723c751e8b465ee728b)
Start importing Assets/4K Tiled Ground Textures p1/Textures/snow/snow_solid_1.png using Guid(b8096dae4ce5440a7928dd8d34378776) Importer(815301076,1909f56bfc062723c751e8b465ee728b) [PhysX] Initialized MultithreadedTaskDispatcher with 12 workers.
[PhysX] Initialized MultithreadedTaskDispatcher with 12 workers.
 -> (artifact id: '095c16e06b60ef67d94ad82384385e80') in 0.137396 seconds
Number of updated asset objects reloaded before import = 0
Number of asset objects unloaded after import = 3
========================================================================
Received Import Request.
  Time since last request: 0.000067 seconds.
  path: Assets/4K Tiled Ground Textures p1/Textures/snow/snow_waves_1.png
  artifactKey: Guid(9f71188410ef6478dbfa23aa6c4641a3) Importer(815301076,1909f56bfc062723c751e8b465ee728b)
Start importing Assets/4K Tiled Ground Textures p1/Textures/snow/snow_waves_1.png using Guid(9f71188410ef6478dbfa23aa6c4641a3) Importer(815301076,1909f56bfc062723c751e8b465ee728b) [PhysX] Initialized MultithreadedTaskDispatcher with 12 workers.
[PhysX] Initialized MultithreadedTaskDispatcher with 12 workers.
 -> (artifact id: '18fd8cc467491907823f5baf20b8b469') in 0.127579 seconds
Number of updated asset objects reloaded before import = 0
Number of asset objects unloaded after import = 3
========================================================================
Received Import Request.
  Time since last request: 0.000134 seconds.
  path: Assets/4K Tiled Ground Textures p1/Textures/snow/snow_solid_2.png
  artifactKey: Guid(fe857094da6cf49708c2523b2d29ba8b) Importer(815301076,1909f56bfc062723c751e8b465ee728b)
Start importing Assets/4K Tiled Ground Textures p1/Textures/snow/snow_solid_2.png using Guid(fe857094da6cf49708c2523b2d29ba8b) Importer(815301076,1909f56bfc062723c751e8b465ee728b) [PhysX] Initialized MultithreadedTaskDispatcher with 12 workers.
[PhysX] Initialized MultithreadedTaskDispatcher with 12 workers.
 -> (artifact id: '37c82305348cdfaaed1c6ebc61510408') in 0.135987 seconds
Number of updated asset objects reloaded before import = 0
Number of asset objects unloaded after import = 3
========================================================================
Received Import Request.
  Time since last request: 21.373008 seconds.
  path: Assets/Game Buffs/Free Stylized Textures/Textures/Bones_Debris_1/Bones_Debris_1.terrainlayer
  artifactKey: Guid(1ead79c3af129404d98b5897febbc9c7) Importer(815301076,1909f56bfc062723c751e8b465ee728b)
Start importing Assets/Game Buffs/Free Stylized Textures/Textures/Bones_Debris_1/Bones_Debris_1.terrainlayer using Guid(1ead79c3af129404d98b5897febbc9c7) Importer(815301076,1909f56bfc062723c751e8b465ee728b) [PhysX] Initialized MultithreadedTaskDispatcher with 12 workers.
 -> (artifact id: '29db69ca9d36c7776a1a0868b40f1cba') in 0.051036 seconds
Number of updated asset objects reloaded before import = 0
Number of asset objects unloaded after import = 5
========================================================================
Received Import Request.
  Time since last request: 0.000115 seconds.
  path: Assets/Game Buffs/Free Stylized Textures/Textures/Lava_And_Pavement_2/Lava_And_Pavement_2.terrainlayer
  artifactKey: Guid(3f3d1a48d32f968449a5a1a505be35de) Importer(815301076,1909f56bfc062723c751e8b465ee728b)
Start importing Assets/Game Buffs/Free Stylized Textures/Textures/Lava_And_Pavement_2/Lava_And_Pavement_2.terrainlayer using Guid(3f3d1a48d32f968449a5a1a505be35de) Importer(815301076,1909f56bfc062723c751e8b465ee728b) [PhysX] Initialized MultithreadedTaskDispatcher with 12 workers.
 -> (artifact id: '60f3e2e1caa7d159ea7778673eceaec4') in 0.030554 seconds
Number of updated asset objects reloaded before import = 0
Number of asset objects unloaded after import = 5
========================================================================
Received Import Request.
  Time since last request: 0.000075 seconds.
  path: Assets/Game Buffs/Free Stylized Textures/Textures/Crystal_Surface_1/Crystal_Surface_1.terrainlayer
  artifactKey: Guid(ce0c9750f6c6e67428851045b6945db0) Importer(815301076,1909f56bfc062723c751e8b465ee728b)
Start importing Assets/Game Buffs/Free Stylized Textures/Textures/Crystal_Surface_1/Crystal_Surface_1.terrainlayer using Guid(ce0c9750f6c6e67428851045b6945db0) Importer(815301076,1909f56bfc062723c751e8b465ee728b) [PhysX] Initialized MultithreadedTaskDispatcher with 12 workers.
 -> (artifact id: 'ade941b4dd43b0cc2503d0ad08fcd657') in 0.036474 seconds
Number of updated asset objects reloaded before import = 0
Number of asset objects unloaded after import = 5
========================================================================
Received Import Request.
  Time since last request: 0.000060 seconds.
  path: Assets/Game Buffs/Free Stylized Textures/Textures/Coal_Surface_2/Coal_Surface_2.terrainlayer
  artifactKey: Guid(31432dd812e13084a8a44b337772b90e) Importer(815301076,1909f56bfc062723c751e8b465ee728b)
Start importing Assets/Game Buffs/Free Stylized Textures/Textures/Coal_Surface_2/Coal_Surface_2.terrainlayer using Guid(31432dd812e13084a8a44b337772b90e) Importer(815301076,1909f56bfc062723c751e8b465ee728b) [PhysX] Initialized MultithreadedTaskDispatcher with 12 workers.
 -> (artifact id: 'ae6af0dd6120a6c2a16c3446c156179b') in 0.041387 seconds
Number of updated asset objects reloaded before import = 0
Number of asset objects unloaded after import = 5
========================================================================
Received Import Request.
  Time since last request: 0.000057 seconds.
  path: Assets/Game Buffs/Free Stylized Textures/Textures/Forest_Ground_38/Forest_Ground_38.terrainlayer
  artifactKey: Guid(a1cd118fc8b2b58458ecd14b3b7566ae) Importer(815301076,1909f56bfc062723c751e8b465ee728b)
Start importing Assets/Game Buffs/Free Stylized Textures/Textures/Forest_Ground_38/Forest_Ground_38.terrainlayer using Guid(a1cd118fc8b2b58458ecd14b3b7566ae) Importer(815301076,1909f56bfc062723c751e8b465ee728b) [PhysX] Initialized MultithreadedTaskDispatcher with 12 workers.
 -> (artifact id: 'a16a56fdaa0de983135d6b8c2c41f3dc') in 0.038527 seconds
Number of updated asset objects reloaded before import = 0
Number of asset objects unloaded after import = 5
========================================================================
Received Import Request.
  Time since last request: 0.000073 seconds.
  path: Assets/Game Buffs/Free Stylized Textures/Textures/Cracked_Asphalt_5/Cracked_Asphalt_5.terrainlayer
  artifactKey: Guid(aa112416e2ec67d40be11e2c95308f7c) Importer(815301076,1909f56bfc062723c751e8b465ee728b)
Start importing Assets/Game Buffs/Free Stylized Textures/Textures/Cracked_Asphalt_5/Cracked_Asphalt_5.terrainlayer using Guid(aa112416e2ec67d40be11e2c95308f7c) Importer(815301076,1909f56bfc062723c751e8b465ee728b) [PhysX] Initialized MultithreadedTaskDispatcher with 12 workers.
 -> (artifact id: '6d1f31390a4bb29e46a3b9e00fb27a38') in 0.029071 seconds
Number of updated asset objects reloaded before import = 0
Number of asset objects unloaded after import = 5
========================================================================
Received Import Request.
  Time since last request: 0.000066 seconds.
  path: Assets/Game Buffs/Free Stylized Textures/Textures/Muddy_Cracked_Sand_6/Muddy_Cracked_Sand_6.terrainlayer
  artifactKey: Guid(6b0f5643ff292b642a6b808df41ab8cb) Importer(815301076,1909f56bfc062723c751e8b465ee728b)
Start importing Assets/Game Buffs/Free Stylized Textures/Textures/Muddy_Cracked_Sand_6/Muddy_Cracked_Sand_6.terrainlayer using Guid(6b0f5643ff292b642a6b808df41ab8cb) Importer(815301076,1909f56bfc062723c751e8b465ee728b) [PhysX] Initialized MultithreadedTaskDispatcher with 12 workers.
 -> (artifact id: '2827d47ccbc15ed53e0432a887052013') in 0.030320 seconds
Number of updated asset objects reloaded before import = 0
Number of asset objects unloaded after import = 5
========================================================================
Received Import Request.
  Time since last request: 0.000116 seconds.
  path: Assets/Game Buffs/Free Stylized Textures/Textures/Wood_Wall_1/Wood_Wall_1.terrainlayer
  artifactKey: Guid(a874ee79af193674bb1953d3c1496a7f) Importer(815301076,1909f56bfc062723c751e8b465ee728b)
Start importing Assets/Game Buffs/Free Stylized Textures/Textures/Wood_Wall_1/Wood_Wall_1.terrainlayer using Guid(a874ee79af193674bb1953d3c1496a7f) Importer(815301076,1909f56bfc062723c751e8b465ee728b) [PhysX] Initialized MultithreadedTaskDispatcher with 12 workers.
 -> (artifact id: '68937c63a0a4642ff570eb40150357b8') in 0.030387 seconds
Number of updated asset objects reloaded before import = 0
Number of asset objects unloaded after import = 5
========================================================================
Received Import Request.
  Time since last request: 0.000084 seconds.
  path: Assets/Game Buffs/Free Stylized Textures/Textures/Fur_3/Fur_3.terrainlayer
  artifactKey: Guid(99dc421592d4bf7448f291d70e4d7eca) Importer(815301076,1909f56bfc062723c751e8b465ee728b)
Start importing Assets/Game Buffs/Free Stylized Textures/Textures/Fur_3/Fur_3.terrainlayer using Guid(99dc421592d4bf7448f291d70e4d7eca) Importer(815301076,1909f56bfc062723c751e8b465ee728b) [PhysX] Initialized MultithreadedTaskDispatcher with 12 workers.
 -> (artifact id: '09e0f73ac61dc2abb4be35c8042b698c') in 0.031688 seconds
Number of updated asset objects reloaded before import = 0
Number of asset objects unloaded after import = 5
Editor requested this worker to shutdown with reason: Scaling down because of idle timeout
TcpMessagingSession - receive error: operation aborted. errorcode: 89, details: Operation aborted.
AssetImportWorker is now disconnected from the server
Process exiting
